Build started 5/5/2016 2:06:17 PM.
     1>Project "C:\Users\gingerli\Documents\handDetectionCV\VS2013 Version\HandDetection\HandDetection.vcxproj" on node 2 (Build target(s)).
     1>ClCompile:
         C:\Program Files (x86)\Microsoft Visual Studio 12.0\VC\bin\x86_amd64\CL.exe /c /I"C:\Users\gingerli\Documents\opencv-2.4.12-prebuilt\opencv\build\include" /I"C:\Users\gingerli\Documents\opencv-2.4.12-prebuilt\opencv\build\x64\vc12\include" /Zi /nologo /W3 /WX- /sdl /Od /D WIN32 /D _DEBUG /D _CONSOLE /D _LIB /D _UNICODE /D UNICODE /Gm /EHsc /RTC1 /MDd /GS /fp:precise /Zc:wchar_t /Zc:forScope /Fo"x64\Debug\\" /Fd"x64\Debug\vc120.pdb" /Gd /TP /errorReport:prompt main.cpp
         main.cpp
     1>main.cpp(70): warning C4244: 'argument' : conversion from 'double' to 'int', possible loss of data
     1>main.cpp(72): warning C4244: 'argument' : conversion from 'double' to 'int', possible loss of data
     1>main.cpp(73): warning C4244: 'argument' : conversion from 'double' to 'int', possible loss of data
     1>main.cpp(74): warning C4244: 'argument' : conversion from 'double' to 'int', possible loss of data
     1>main.cpp(235): warning C4267: '=' : conversion from 'size_t' to 'int', possible loss of data
     1>main.cpp(267): warning C4244: 'initializing' : conversion from 'int' to 'float', possible loss of data
       Link:
         C:\Program Files (x86)\Microsoft Visual Studio 12.0\VC\bin\x86_amd64\link.exe /ERRORREPORT:PROMPT /OUT:"C:\Users\gingerli\Documents\handDetectionCV\VS2013 Version\x64\Debug\HandDetection.exe" /INCREMENTAL /NOLOGO /LIBPATH:"C:\Users\gingerli\Documents\opencv-2.4.12-prebuilt\opencv\build\x64\vc12\lib" /LIBPATH:"C:\Users\gingerli\Documents\opencv-2.4.12-prebuilt\opencv\build\x64\vc12\x64\vc12\lib" opencv_calib3d2412d.lib opencv_contrib2412d.lib opencv_core2412d.lib opencv_features2d2412d.lib opencv_flann2412d.lib opencv_gpu2412d.lib opencv_highgui2412d.lib opencv_imgproc2412d.lib opencv_legacy2412d.lib opencv_ml2412d.lib opencv_nonfree2412d.lib opencv_objdetect2412d.lib opencv_ocl2412d.lib opencv_photo2412d.lib opencv_stitching2412d.lib opencv_superres2412d.lib opencv_ts2412d.lib opencv_video2412d.lib opencv_videostab2412d.lib /NODEFAULTLIB:opencv_calib3d249d.lib /NODEFAULTLIB:opencv_contrib249d.lib /NODEFAULTLIB:opencv_core249d.lib /NODEFAULTLIB:opencv_features2d249d.lib /NODEFAULTLIB:opencv_flann249d.lib /NODEFAULTLIB:opencv_gpu249d.lib /NODEFAULTLIB:opencv_highgui249d.lib /NODEFAULTLIB:opencv_imgproc249d.lib /NODEFAULTLIB:opencv_legacy249d.lib /NODEFAULTLIB:opencv_ml249d.lib /NODEFAULTLIB:opencv_nonfree249d.lib /NODEFAULTLIB:opencv_objdetect249d.lib /NODEFAULTLIB:opencv_ocl249d.lib /NODEFAULTLIB:opencv_photo249d.lib /NODEFAULTLIB:opencv_stitching249d.lib /NODEFAULTLIB:opencv_superres249d.lib /NODEFAULTLIB:opencv_ts249d.lib /NODEFAULTLIB:opencv_video249d.lib /NODEFAULTLIB:opencv_videostab249d.lib /MANIFEST /MANIFESTUAC:"level='asInvoker' uiAccess='false'" /manifest:embed /DEBUG /PDB:"C:\Users\gingerli\Documents\handDetectionCV\VS2013 Version\x64\Debug\HandDetection.pdb" /SUBSYSTEM:CONSOLE /TLBID:1 /DYNAMICBASE /NXCOMPAT /IMPLIB:"C:\Users\gingerli\Documents\handDetectionCV\VS2013 Version\x64\Debug\HandDetection.lib" /MACHINE:X64 x64\Debug\handGesture.obj
         x64\Debug\main.obj
         x64\Debug\myImage.obj
         x64\Debug\roi.obj
         HandDetection.vcxproj -> C:\Users\gingerli\Documents\handDetectionCV\VS2013 Version\x64\Debug\HandDetection.exe
     1>Done Building Project "C:\Users\gingerli\Documents\handDetectionCV\VS2013 Version\HandDetection\HandDetection.vcxproj" (Build target(s)).

Build succeeded.

Time Elapsed 00:00:01.24
